<?xml version="1.0" encoding="UTF-8"?>
<!-- Generated by org.testng.reporters.JUnitXMLReporter -->
<testsuite ignored="0" hostname="NeuroMancer" failures="0" tests="4" name="English Version" time="64.634" errors="0" timestamp="2021-10-20T01:05:35 IST">
  <testcase classname="testcases.CreateLeadcase" name="runCreateLead" time="12.119"/>
  <testcase classname="testcases.EditLeadcase" name="runEditLead" time="12.762"/>
  <testcase classname="testcases.MergeLeadcase" name="runMergeLead" time="14.163"/>
  <testcase classname="testcases.DuplicateLeadCase" name="runDuplicateLead" time="15.175"/>
</testsuite> <!-- English Version -->
