<?xml version="1.0" encoding="UTF-8"?>
<!-- Generated by org.testng.reporters.JUnitXMLReporter -->
<testsuite ignored="0" hostname="NeuroMancer" failures="0" tests="3" name="Test1" time="51.771" errors="0" timestamp="2021-10-19T22:17:11 IST">
  <testcase classname="testcases.CreateLeadcase" name="runCreateLead" time="14.974"/>
  <testcase classname="testcases.EditLeadcase" name="runEditLead" time="12.149"/>
  <testcase classname="testcases.MergeLeadcase" name="runMergeLeadcase" time="15.986"/>
</testsuite> <!-- Test1 -->
