<?xml version="1.0" encoding="UTF-8"?>
<testng-results ignored="0" total="6" passed="6" failed="0" skipped="0">
  <reporter-output>
  </reporter-output>
  <suite started-at="2021-10-20T01:04:31 IST" name="Suite" finished-at="2021-10-20T01:06:06 IST" duration-ms="95418">
    <groups>
    </groups>
    <test started-at="2021-10-20T01:04:31 IST" name="English Version" finished-at="2021-10-20T01:05:35 IST" duration-ms="64634">
      <class name="testcases.EditLeadcase">
        <test-method is-config="true" signature="setFileName()[pri:0, instance:testcases.EditLeadcase@62379589]" started-at="2021-10-20T01:04:48 IST" name="setFileName" finished-at="2021-10-20T01:04:48 IST" duration-ms="0" status="PASS">
          <reporter-output>
          </reporter-output>
        </test-method> <!-- setFileName -->
        <test-method is-config="true" signature="preCondition(java.lang.String)[pri:0, instance:testcases.EditLeadcase@62379589]" started-at="2021-10-20T01:04:48 IST" name="preCondition" finished-at="2021-10-20T01:04:50 IST" duration-ms="1366" status="PASS">
          <params>
            <param index="0">
              <value>
                <![CDATA[english]]>
              </value>
            </param>
          </params>
          <reporter-output>
          </reporter-output>
        </test-method> <!-- preCondition -->
        <test-method signature="runEditLead(java.lang.String,java.lang.String)[pri:0, instance:testcases.EditLeadcase@62379589]" started-at="2021-10-20T01:04:50 IST" name="runEditLead" data-provider="Data" finished-at="2021-10-20T01:05:02 IST" duration-ms="12762" status="PASS">
          <params>
            <param index="0">
              <value>
                <![CDATA[Itachi]]>
              </value>
            </param>
            <param index="1">
              <value>
                <![CDATA[Wipro]]>
              </value>
            </param>
          </params>
          <reporter-output>
          </reporter-output>
        </test-method> <!-- runEditLead -->
        <test-method is-config="true" signature="tearDown()[pri:0, instance:testcases.EditLeadcase@62379589]" started-at="2021-10-20T01:05:02 IST" name="tearDown" finished-at="2021-10-20T01:05:03 IST" duration-ms="203" status="PASS">
          <reporter-output>
          </reporter-output>
        </test-method> <!-- tearDown -->
      </class> <!-- testcases.EditLeadcase -->
      <class name="testcases.DuplicateLeadCase">
        <test-method is-config="true" signature="setFileName()[pri:0, instance:testcases.DuplicateLeadCase@175c2241]" started-at="2021-10-20T01:05:18 IST" name="setFileName" finished-at="2021-10-20T01:05:18 IST" duration-ms="0" status="PASS">
          <reporter-output>
          </reporter-output>
        </test-method> <!-- setFileName -->
        <test-method is-config="true" signature="preCondition(java.lang.String)[pri:0, instance:testcases.DuplicateLeadCase@175c2241]" started-at="2021-10-20T01:05:18 IST" name="preCondition" finished-at="2021-10-20T01:05:20 IST" duration-ms="1530" status="PASS">
          <params>
            <param index="0">
              <value>
                <![CDATA[english]]>
              </value>
            </param>
          </params>
          <reporter-output>
          </reporter-output>
        </test-method> <!-- preCondition -->
        <test-method signature="runDuplicateLead(java.lang.String)[pri:0, instance:testcases.DuplicateLeadCase@175c2241]" started-at="2021-10-20T01:05:20 IST" name="runDuplicateLead" data-provider="Data" finished-at="2021-10-20T01:05:35 IST" duration-ms="15175" status="PASS">
          <params>
            <param index="0">
              <value>
                <![CDATA[Naresh]]>
              </value>
            </param>
          </params>
          <reporter-output>
          </reporter-output>
        </test-method> <!-- runDuplicateLead -->
        <test-method is-config="true" signature="tearDown()[pri:0, instance:testcases.DuplicateLeadCase@175c2241]" started-at="2021-10-20T01:05:35 IST" name="tearDown" finished-at="2021-10-20T01:05:35 IST" duration-ms="201" status="PASS">
          <reporter-output>
          </reporter-output>
        </test-method> <!-- tearDown -->
      </class> <!-- testcases.DuplicateLeadCase -->
      <class name="testcases.MergeLeadcase">
        <test-method is-config="true" signature="setFileName()[pri:0, instance:testcases.MergeLeadcase@4afcd809]" started-at="2021-10-20T01:05:03 IST" name="setFileName" finished-at="2021-10-20T01:05:03 IST" duration-ms="0" status="PASS">
          <reporter-output>
          </reporter-output>
        </test-method> <!-- setFileName -->
        <test-method is-config="true" signature="preCondition(java.lang.String)[pri:0, instance:testcases.MergeLeadcase@4afcd809]" started-at="2021-10-20T01:05:03 IST" name="preCondition" finished-at="2021-10-20T01:05:04 IST" duration-ms="1418" status="PASS">
          <params>
            <param index="0">
              <value>
                <![CDATA[english]]>
              </value>
            </param>
          </params>
          <reporter-output>
          </reporter-output>
        </test-method> <!-- preCondition -->
        <test-method signature="runMergeLead(java.lang.String,java.lang.String)[pri:0, instance:testcases.MergeLeadcase@4afcd809]" started-at="2021-10-20T01:05:04 IST" name="runMergeLead" data-provider="Data" finished-at="2021-10-20T01:05:18 IST" duration-ms="14163" status="PASS">
          <params>
            <param index="0">
              <value>
                <![CDATA[Itachi]]>
              </value>
            </param>
            <param index="1">
              <value>
                <![CDATA[Naruto]]>
              </value>
            </param>
          </params>
          <reporter-output>
          </reporter-output>
        </test-method> <!-- runMergeLead -->
        <test-method is-config="true" signature="tearDown()[pri:0, instance:testcases.MergeLeadcase@4afcd809]" started-at="2021-10-20T01:05:18 IST" name="tearDown" finished-at="2021-10-20T01:05:18 IST" duration-ms="218" status="PASS">
          <reporter-output>
          </reporter-output>
        </test-method> <!-- tearDown -->
      </class> <!-- testcases.MergeLeadcase -->
      <class name="testcases.CreateLeadcase">
        <test-method is-config="true" signature="setFileName()[pri:0, instance:testcases.CreateLeadcase@6771beb3]" started-at="2021-10-20T01:04:31 IST" name="setFileName" finished-at="2021-10-20T01:04:31 IST" duration-ms="11" status="PASS">
          <reporter-output>
          </reporter-output>
        </test-method> <!-- setFileName -->
        <test-method is-config="true" signature="preCondition(java.lang.String)[pri:0, instance:testcases.CreateLeadcase@6771beb3]" started-at="2021-10-20T01:04:32 IST" name="preCondition" finished-at="2021-10-20T01:04:36 IST" duration-ms="3815" status="PASS">
          <params>
            <param index="0">
              <value>
                <![CDATA[english]]>
              </value>
            </param>
          </params>
          <reporter-output>
          </reporter-output>
        </test-method> <!-- preCondition -->
        <test-method signature="runCreateLead(java.lang.String,java.lang.String,java.lang.String)[pri:0, instance:testcases.CreateLeadcase@6771beb3]" started-at="2021-10-20T01:04:36 IST" name="runCreateLead" data-provider="Data" finished-at="2021-10-20T01:04:48 IST" duration-ms="12119" status="PASS">
          <params>
            <param index="0">
              <value>
                <![CDATA[HCL]]>
              </value>
            </param>
            <param index="1">
              <value>
                <![CDATA[Naruto]]>
              </value>
            </param>
            <param index="2">
              <value>
                <![CDATA[Uzumaki]]>
              </value>
            </param>
          </params>
          <reporter-output>
          </reporter-output>
        </test-method> <!-- runCreateLead -->
        <test-method is-config="true" signature="tearDown()[pri:0, instance:testcases.CreateLeadcase@6771beb3]" started-at="2021-10-20T01:04:48 IST" name="tearDown" finished-at="2021-10-20T01:04:48 IST" duration-ms="236" status="PASS">
          <reporter-output>
          </reporter-output>
        </test-method> <!-- tearDown -->
      </class> <!-- testcases.CreateLeadcase -->
    </test> <!-- English Version -->
    <test started-at="2021-10-20T01:05:35 IST" name="French Version" finished-at="2021-10-20T01:06:06 IST" duration-ms="30768">
      <class name="testcases.EditLeadcase">
        <test-method is-config="true" signature="setFileName()[pri:0, instance:testcases.EditLeadcase@179ece50]" started-at="2021-10-20T01:05:50 IST" name="setFileName" finished-at="2021-10-20T01:05:50 IST" duration-ms="0" status="PASS">
          <reporter-output>
          </reporter-output>
        </test-method> <!-- setFileName -->
        <test-method is-config="true" signature="preCondition(java.lang.String)[pri:0, instance:testcases.EditLeadcase@179ece50]" started-at="2021-10-20T01:05:50 IST" name="preCondition" finished-at="2021-10-20T01:05:51 IST" duration-ms="1410" status="PASS">
          <params>
            <param index="0">
              <value>
                <![CDATA[french]]>
              </value>
            </param>
          </params>
          <reporter-output>
          </reporter-output>
        </test-method> <!-- preCondition -->
        <test-method signature="runEditLead(java.lang.String,java.lang.String)[pri:0, instance:testcases.EditLeadcase@179ece50]" started-at="2021-10-20T01:05:51 IST" name="runEditLead" data-provider="Data" finished-at="2021-10-20T01:06:06 IST" duration-ms="14419" status="PASS">
          <params>
            <param index="0">
              <value>
                <![CDATA[Itachi]]>
              </value>
            </param>
            <param index="1">
              <value>
                <![CDATA[Wipro]]>
              </value>
            </param>
          </params>
          <reporter-output>
          </reporter-output>
        </test-method> <!-- runEditLead -->
        <test-method is-config="true" signature="tearDown()[pri:0, instance:testcases.EditLeadcase@179ece50]" started-at="2021-10-20T01:06:06 IST" name="tearDown" finished-at="2021-10-20T01:06:06 IST" duration-ms="273" status="PASS">
          <reporter-output>
          </reporter-output>
        </test-method> <!-- tearDown -->
      </class> <!-- testcases.EditLeadcase -->
      <class name="testcases.CreateLeadcase">
        <test-method is-config="true" signature="setFileName()[pri:0, instance:testcases.CreateLeadcase@9d5509a]" started-at="2021-10-20T01:05:35 IST" name="setFileName" finished-at="2021-10-20T01:05:35 IST" duration-ms="0" status="PASS">
          <reporter-output>
          </reporter-output>
        </test-method> <!-- setFileName -->
        <test-method is-config="true" signature="preCondition(java.lang.String)[pri:0, instance:testcases.CreateLeadcase@9d5509a]" started-at="2021-10-20T01:05:35 IST" name="preCondition" finished-at="2021-10-20T01:05:37 IST" duration-ms="1443" status="PASS">
          <params>
            <param index="0">
              <value>
                <![CDATA[french]]>
              </value>
            </param>
          </params>
          <reporter-output>
          </reporter-output>
        </test-method> <!-- preCondition -->
        <test-method signature="runCreateLead(java.lang.String,java.lang.String,java.lang.String)[pri:0, instance:testcases.CreateLeadcase@9d5509a]" started-at="2021-10-20T01:05:37 IST" name="runCreateLead" data-provider="Data" finished-at="2021-10-20T01:05:50 IST" duration-ms="12864" status="PASS">
          <params>
            <param index="0">
              <value>
                <![CDATA[HCL]]>
              </value>
            </param>
            <param index="1">
              <value>
                <![CDATA[Naruto]]>
              </value>
            </param>
            <param index="2">
              <value>
                <![CDATA[Uzumaki]]>
              </value>
            </param>
          </params>
          <reporter-output>
          </reporter-output>
        </test-method> <!-- runCreateLead -->
        <test-method is-config="true" signature="tearDown()[pri:0, instance:testcases.CreateLeadcase@9d5509a]" started-at="2021-10-20T01:05:50 IST" name="tearDown" finished-at="2021-10-20T01:05:50 IST" duration-ms="204" status="PASS">
          <reporter-output>
          </reporter-output>
        </test-method> <!-- tearDown -->
      </class> <!-- testcases.CreateLeadcase -->
    </test> <!-- French Version -->
  </suite> <!-- Suite -->
</testng-results>
