<?xml version="1.0" encoding="UTF-8"?>
<testng-results ignored="0" total="6" passed="6" failed="0" skipped="0">
  <reporter-output>
  </reporter-output>
  <suite started-at="2021-10-11T04:50:14 IST" name="Default suite" finished-at="2021-10-11T04:51:44 IST" duration-ms="90518">
    <groups>
      <group name="cucumber">
        <method signature="AbstractTestNGCucumberTests.runScenario(io.cucumber.testng.PickleWrapper,io.cucumber.testng.FeatureWrapper)[pri:0, instance:runner.CucumberRunner@2b71e916]" name="runScenario" class="io.cucumber.testng.AbstractTestNGCucumberTests"/>
      </group> <!-- cucumber -->
    </groups>
    <test started-at="2021-10-11T04:50:14 IST" name="Default test" finished-at="2021-10-11T04:51:44 IST" duration-ms="90518">
      <class name="runner.CucumberRunner">
        <test-method is-config="true" signature="setUpClass()[pri:0, instance:runner.CucumberRunner@2b71e916]" started-at="2021-10-11T04:50:14 IST" name="setUpClass" finished-at="2021-10-11T04:50:15 IST" duration-ms="1013" status="PASS">
          <reporter-output>
          </reporter-output>
        </test-method> <!-- setUpClass -->
        <test-method signature="runScenario(io.cucumber.testng.PickleWrapper,io.cucumber.testng.FeatureWrapper)[pri:0, instance:runner.CucumberRunner@2b71e916]" started-at="2021-10-11T04:50:15 IST" name="runScenario" description="Runs Cucumber Scenarios" data-provider="scenarios" finished-at="2021-10-11T04:50:30 IST" duration-ms="15030" status="PASS">
          <params>
            <param index="0">
              <value>
                <![CDATA["Create Lead with Positive Credential"]]>
              </value>
            </param>
            <param index="1">
              <value>
                <![CDATA["Optional[Leaf Taps Create Lead Functionality]"]]>
              </value>
            </param>
          </params>
          <reporter-output>
          </reporter-output>
        </test-method> <!-- runScenario -->
        <test-method signature="runScenario(io.cucumber.testng.PickleWrapper,io.cucumber.testng.FeatureWrapper)[pri:0, instance:runner.CucumberRunner@2b71e916]" started-at="2021-10-11T04:50:30 IST" name="runScenario" description="Runs Cucumber Scenarios" data-provider="scenarios" finished-at="2021-10-11T04:50:43 IST" duration-ms="12748" status="PASS">
          <params>
            <param index="0">
              <value>
                <![CDATA["Create Lead with Positive Credential"]]>
              </value>
            </param>
            <param index="1">
              <value>
                <![CDATA["Optional[Leaf Taps Create Lead Functionality]"]]>
              </value>
            </param>
          </params>
          <reporter-output>
          </reporter-output>
        </test-method> <!-- runScenario -->
        <test-method signature="runScenario(io.cucumber.testng.PickleWrapper,io.cucumber.testng.FeatureWrapper)[pri:0, instance:runner.CucumberRunner@2b71e916]" started-at="2021-10-11T04:50:43 IST" name="runScenario" description="Runs Cucumber Scenarios" data-provider="scenarios" finished-at="2021-10-11T04:50:54 IST" duration-ms="11569" status="PASS">
          <params>
            <param index="0">
              <value>
                <![CDATA["Delete Lead"]]>
              </value>
            </param>
            <param index="1">
              <value>
                <![CDATA["Optional[Leaf Taps Delete Leads Functionality]"]]>
              </value>
            </param>
          </params>
          <reporter-output>
          </reporter-output>
        </test-method> <!-- runScenario -->
        <test-method signature="runScenario(io.cucumber.testng.PickleWrapper,io.cucumber.testng.FeatureWrapper)[pri:0, instance:runner.CucumberRunner@2b71e916]" started-at="2021-10-11T04:50:54 IST" name="runScenario" description="Runs Cucumber Scenarios" data-provider="scenarios" finished-at="2021-10-11T04:51:10 IST" duration-ms="15350" status="PASS">
          <params>
            <param index="0">
              <value>
                <![CDATA["Duplicate Lead"]]>
              </value>
            </param>
            <param index="1">
              <value>
                <![CDATA["Optional[Leaf Taps Duplicate Leads Functionality]"]]>
              </value>
            </param>
          </params>
          <reporter-output>
          </reporter-output>
        </test-method> <!-- runScenario -->
        <test-method signature="runScenario(io.cucumber.testng.PickleWrapper,io.cucumber.testng.FeatureWrapper)[pri:0, instance:runner.CucumberRunner@2b71e916]" started-at="2021-10-11T04:51:10 IST" name="runScenario" description="Runs Cucumber Scenarios" data-provider="scenarios" finished-at="2021-10-11T04:51:24 IST" duration-ms="14372" status="PASS">
          <params>
            <param index="0">
              <value>
                <![CDATA["Edit Lead"]]>
              </value>
            </param>
            <param index="1">
              <value>
                <![CDATA["Optional[Leaf Taps Edit Lead Functionality]"]]>
              </value>
            </param>
          </params>
          <reporter-output>
          </reporter-output>
        </test-method> <!-- runScenario -->
        <test-method signature="runScenario(io.cucumber.testng.PickleWrapper,io.cucumber.testng.FeatureWrapper)[pri:0, instance:runner.CucumberRunner@2b71e916]" started-at="2021-10-11T04:51:24 IST" name="runScenario" description="Runs Cucumber Scenarios" data-provider="scenarios" finished-at="2021-10-11T04:51:42 IST" duration-ms="18109" status="PASS">
          <params>
            <param index="0">
              <value>
                <![CDATA["Merge Two Leads"]]>
              </value>
            </param>
            <param index="1">
              <value>
                <![CDATA["Optional[Leaf Taps Merge Leads Functionality]"]]>
              </value>
            </param>
          </params>
          <reporter-output>
          </reporter-output>
        </test-method> <!-- runScenario -->
        <test-method is-config="true" signature="tearDownClass()[pri:0, instance:runner.CucumberRunner@2b71e916]" started-at="2021-10-11T04:51:42 IST" name="tearDownClass" finished-at="2021-10-11T04:51:44 IST" duration-ms="2238" status="PASS">
          <reporter-output>
          </reporter-output>
        </test-method> <!-- tearDownClass -->
      </class> <!-- runner.CucumberRunner -->
    </test> <!-- Default test -->
  </suite> <!-- Default suite -->
</testng-results>
